Terminals unused in grammar

   T_VOID
   T_BOOL
   T_INT
   T_DOUBLE
   T_STRING
   T_NULL_PTR
   T_LEFT_ARROW
   T_IDENTIFIER
   T_STRING_CONSTANT
   T_DOUBLE_CONSTANT
   T_BOOLEAN_CONSTANT
   '='
   T_OR
   T_AND
   T_NOT_EQUAL
   T_EQUAL
   '>'
   '<'
   T_GREATER_EQUAL
   T_LESS_EQUAL
   '+'
   '-'
   '*'
   '/'
   '%'
   '!'
   T_DECREMENT
   T_INCREMENT
   NEGATION
   '.'
   '['
   T_DIMENSIONS


Grammar

    0 $accept: Input_Line $end

    1 Input_Line: Expression

    2 Expression: Constant_Expression

    3 Constant_Expression: T_INTEGER_CONSTANT


Terminals, with rules where they appear

$end (0) 0
'!' (33)
'%' (37)
'*' (42)
'+' (43)
'-' (45)
'.' (46)
'/' (47)
'<' (60)
'=' (61)
'>' (62)
'[' (91)
error (256)
T_VOID (258)
T_BOOL (259)
T_INT (260)
T_DOUBLE (261)
T_STRING (262)
T_NULL_PTR (263)
T_LEFT_ARROW (264)
T_IDENTIFIER (265)
T_STRING_CONSTANT (266)
T_INTEGER_CONSTANT (267) 3
T_DOUBLE_CONSTANT (268)
T_BOOLEAN_CONSTANT (269)
T_OR (270)
T_AND (271)
T_NOT_EQUAL (272)
T_EQUAL (273)
T_GREATER_EQUAL (274)
T_LESS_EQUAL (275)
T_DECREMENT (276)
T_INCREMENT (277)
NEGATION (278)
T_DIMENSIONS (279)


Nonterminals, with rules where they appear

$accept (36)
    on left: 0
Input_Line (37)
    on left: 1, on right: 0
Expression (38)
    on left: 2, on right: 1
Constant_Expression (39)
    on left: 3, on right: 2


State 0

    0 $accept: . Input_Line $end

    T_INTEGER_CONSTANT  shift, and go to state 1

    Input_Line           go to state 2
    Expression           go to state 3
    Constant_Expression  go to state 4


State 1

    3 Constant_Expression: T_INTEGER_CONSTANT .

    $default  reduce using rule 3 (Constant_Expression)


State 2

    0 $accept: Input_Line . $end

    $end  shift, and go to state 5


State 3

    1 Input_Line: Expression .

    $default  reduce using rule 1 (Input_Line)


State 4

    2 Expression: Constant_Expression .

    $default  reduce using rule 2 (Expression)


State 5

    0 $accept: Input_Line $end .

    $default  accept
